0 info it worked if it ends with ok
1 verbose cli [ '/home/vlima/opt/nodejs/bin/node',
1 verbose cli   '/home/vlima/opt/nodejs/bin/npm',
1 verbose cli   'start' ]
2 info using npm@4.0.5
3 info using node@v4.6.0
4 verbose run-script [ 'prestart', 'start', 'poststart' ]
5 info lifecycle testeSequelize@0.0.0~prestart: testeSequelize@0.0.0
6 silly lifecycle testeSequelize@0.0.0~prestart: no script for prestart, continuing
7 info lifecycle testeSequelize@0.0.0~start: testeSequelize@0.0.0
8 verbose lifecycle testeSequelize@0.0.0~start: unsafe-perm in lifecycle true
9 verbose lifecycle testeSequelize@0.0.0~start: PATH: /home/vlima/opt/nodejs/lib/node_modules/npm/bin/node-gyp-bin:/home/vlima/Documents/development/nodejs/testeSequelize/node_modules/.bin:/home/vlima/opt/jdk/bin:/usr/lib64/qt-3.3/bin:/opt/jdk1.8.0_101/bin:/usr/local/bin:/usr/local/sbin:/usr/bin:/usr/sbin:/home/vlima/.local/bin:/home/vlima/bin:/home/vlima/opt/nodejs/bin:/home/vlima/opt/android-sdk-linux/bin:/home/vlima/opt/apache-maven-3.3.9/bin:/
10 verbose lifecycle testeSequelize@0.0.0~start: CWD: /home/vlima/Documents/development/nodejs/testeSequelize
11 silly lifecycle testeSequelize@0.0.0~start: Args: [ '-c', 'node ./bin/www' ]
12 silly lifecycle testeSequelize@0.0.0~start: Returned: code: 1  signal: null
13 info lifecycle testeSequelize@0.0.0~start: Failed to exec start script
14 verbose stack Error: testeSequelize@0.0.0 start: `node ./bin/www`
14 verbose stack Exit status 1
14 verbose stack     at EventEmitter.<anonymous> (/home/vlima/opt/nodejs/lib/node_modules/npm/lib/utils/lifecycle.js:279:16)
14 verbose stack     at emitTwo (events.js:87:13)
14 verbose stack     at EventEmitter.emit (events.js:172:7)
14 verbose stack     at ChildProcess.<anonymous> (/home/vlima/opt/nodejs/lib/node_modules/npm/lib/utils/spawn.js:40:14)
14 verbose stack     at emitTwo (events.js:87:13)
14 verbose stack     at ChildProcess.emit (events.js:172:7)
14 verbose stack     at maybeClose (internal/child_process.js:829:16)
14 verbose stack     at Process.ChildProcess._handle.onexit (internal/child_process.js:211:5)
15 verbose pkgid testeSequelize@0.0.0
16 verbose cwd /home/vlima/Documents/development/nodejs/testeSequelize
17 error Linux 4.9.6-200.fc25.x86_64
18 error argv "/home/vlima/opt/nodejs/bin/node" "/home/vlima/opt/nodejs/bin/npm" "start"
19 error node v4.6.0
20 error npm  v4.0.5
21 error code ELIFECYCLE
22 error testeSequelize@0.0.0 start: `node ./bin/www`
22 error Exit status 1
23 error Failed at the testeSequelize@0.0.0 start script 'node ./bin/www'.
23 error Make sure you have the latest version of node.js and npm installed.
23 error If you do, this is most likely a problem with the testeSequelize package,
23 error not with npm itself.
23 error Tell the author that this fails on your system:
23 error     node ./bin/www
23 error You can get information on how to open an issue for this project with:
23 error     npm bugs testeSequelize
23 error Or if that isn't available, you can get their info via:
23 error     npm owner ls testeSequelize
23 error There is likely additional logging output above.
24 verbose exit [ 1, true ]
